  -- Install configuration: "Debug"
  -- Installing: C:/Users/niels/Documents/Elektrotechniek/Jaar 3/dspl/software/opdracht4/Executable/x86_64/Debug/share/locale/de_DE/LC_MESSAGES/DSB.mo
  -- Installing: C:/Users/niels/Documents/Elektrotechniek/Jaar 3/dspl/software/opdracht4/Executable/x86_64/Debug/share/locale/de_DE/LC_MESSAGES/wxstd.mo
  -- Installing: C:/Users/niels/Documents/Elektrotechniek/Jaar 3/dspl/software/opdracht4/Executable/x86_64/Debug/share/locale/id_ID/LC_MESSAGES/DSB.mo
  -- Installing: C:/Users/niels/Documents/Elektrotechniek/Jaar 3/dspl/software/opdracht4/Executable/x86_64/Debug/share/locale/id_ID/LC_MESSAGES/wxstd.mo
  -- Installing: C:/Users/niels/Documents/Elektrotechniek/Jaar 3/dspl/software/opdracht4/Executable/x86_64/Debug/share/locale/nl_NL/LC_MESSAGES/DSB.mo
  -- Installing: C:/Users/niels/Documents/Elektrotechniek/Jaar 3/dspl/software/opdracht4/Executable/x86_64/Debug/share/locale/nl_NL/LC_MESSAGES/wxstd.mo
  -- Installing: C:/Users/niels/Documents/Elektrotechniek/Jaar 3/dspl/software/opdracht4/Executable/x86_64/Debug/share/locale/ro_RO/LC_MESSAGES/DSB.mo
  -- Installing: C:/Users/niels/Documents/Elektrotechniek/Jaar 3/dspl/software/opdracht4/Executable/x86_64/Debug/share/locale/ro_RO/LC_MESSAGES/wxstd.mo
  -- Installing: C:/Users/niels/Documents/Elektrotechniek/Jaar 3/dspl/software/opdracht4/Executable/x86_64/Debug/share/locale/ru_RU/LC_MESSAGES/DSB.mo
  -- Installing: C:/Users/niels/Documents/Elektrotechniek/Jaar 3/dspl/software/opdracht4/Executable/x86_64/Debug/share/locale/ru_RU/LC_MESSAGES/wxstd.mo
  -- Installing: C:/Users/niels/Documents/Elektrotechniek/Jaar 3/dspl/software/opdracht4/Executable/x86_64/Debug/share/locale/vi_VI/LC_MESSAGES/DSB.mo
  -- Installing: C:/Users/niels/Documents/Elektrotechniek/Jaar 3/dspl/software/opdracht4/Executable/x86_64/Debug/share/locale/vi_VI/LC_MESSAGES/wxstd.mo
  -- Installing: C:/Users/niels/Documents/Elektrotechniek/Jaar 3/dspl/software/opdracht4/Executable/x86_64/Debug/share/locale/zh_CN/LC_MESSAGES/DSB.mo
  -- Installing: C:/Users/niels/Documents/Elektrotechniek/Jaar 3/dspl/software/opdracht4/Executable/x86_64/Debug/share/locale/zh_CN/LC_MESSAGES/wxstd.mo
  CMake Error at STUDENT/ontwerper/cmake_install.cmake:48 (file):
    file INSTALL cannot find "C:/Program Files/Microsoft Visual
    Studio/2022/Community/VC/Redist/MSVC/14.34.31931/x64/Microsoft.VC143.CRT/msvcp140.dll":
    File exists.
  Call Stack (most recent call first):
    cmake_install.cmake:97 (include)
  
  
C:\Program Files\Microsoft Visual Studio\2022\Community\MSBuild\Microsoft\VC\v170\Microsoft.CppCommon.targets(166,5): error MSB3073: The command "setlocal
C:\Program Files\Microsoft Visual Studio\2022\Community\MSBuild\Microsoft\VC\v170\Microsoft.CppCommon.targets(166,5): error MSB3073: "C:\Program Files\CMake\bin\cmake.exe" -DBUILD_TYPE=Debug -P cmake_install.cmake
C:\Program Files\Microsoft Visual Studio\2022\Community\MSBuild\Microsoft\VC\v170\Microsoft.CppCommon.targets(166,5): error MSB3073: if %errorlevel% neq 0 goto :cmEnd
C:\Program Files\Microsoft Visual Studio\2022\Community\MSBuild\Microsoft\VC\v170\Microsoft.CppCommon.targets(166,5): error MSB3073: :cmEnd
C:\Program Files\Microsoft Visual Studio\2022\Community\MSBuild\Microsoft\VC\v170\Microsoft.CppCommon.targets(166,5): error MSB3073: endlocal & call :cmErrorLevel %errorlevel% & goto :cmDone
C:\Program Files\Microsoft Visual Studio\2022\Community\MSBuild\Microsoft\VC\v170\Microsoft.CppCommon.targets(166,5): error MSB3073: :cmErrorLevel
C:\Program Files\Microsoft Visual Studio\2022\Community\MSBuild\Microsoft\VC\v170\Microsoft.CppCommon.targets(166,5): error MSB3073: exit /b %1
C:\Program Files\Microsoft Visual Studio\2022\Community\MSBuild\Microsoft\VC\v170\Microsoft.CppCommon.targets(166,5): error MSB3073: :cmDone
C:\Program Files\Microsoft Visual Studio\2022\Community\MSBuild\Microsoft\VC\v170\Microsoft.CppCommon.targets(166,5): error MSB3073: if %errorlevel% neq 0 goto :VCEnd
C:\Program Files\Microsoft Visual Studio\2022\Community\MSBuild\Microsoft\VC\v170\Microsoft.CppCommon.targets(166,5): error MSB3073: :VCEnd" exited with code 1.
