ARM GAS   			page 1


   1              	 .cpu cortex-m4
   2              	 .arch armv7e-m
   3              	 .fpu fpv4-sp-d16
   4              	 .eabi_attribute 27,1
   5              	 .eabi_attribute 28,1
   6              	 .eabi_attribute 20,1
   7              	 .eabi_attribute 21,1
   8              	 .eabi_attribute 23,3
   9              	 .eabi_attribute 24,1
  10              	 .eabi_attribute 25,1
  11              	 .eabi_attribute 26,1
  12              	 .eabi_attribute 30,6
  13              	 .eabi_attribute 34,0
  14              	 .eabi_attribute 18,4
  15              	 .file "SEGGER_RTT_Syscalls_KEIL.c"
  16              	 .text
  17              	.Ltext0:
  18              	 .cfi_sections .debug_frame
  19              	.Letext0:
  20              	 .section .debug_line,"",%progbits
  21              	.Ldebug_line0:
  22              	 .section .debug_str,"MS",%progbits,1
  23              	.LASF0:
  24 0000 474E5520 	 .ascii "GNU C++14 10.3.1 20210824 (release) -mcpu=cortex-m4"
  24      432B2B31 
  24      34203130 
  24      2E332E31 
  24      20323032 
  25 0033 202D6D66 	 .ascii " -mfloat-abi=hard -mfpu=fpv4-sp-d16 -mfix-cortex-m3"
  25      6C6F6174 
  25      2D616269 
  25      3D686172 
  25      64202D6D 
  26 0066 2D6C6472 	 .ascii "-ldrd -mthumb -mno-unaligned-access -mapcs-frame -m"
  26      64202D6D 
  26      7468756D 
  26      62202D6D 
  26      6E6F2D75 
  27 0099 61726368 	 .ascii "arch=armv7e-m+fp -g -g -O0 -std=c++14 -fsingle-prec"
  27      3D61726D 
  27      7637652D 
  27      6D2B6670 
  27      202D6720 
  28 00cc 6973696F 	 .ascii "ision-constant -funsigned-char -ffunction-sections "
  28      6E2D636F 
  28      6E737461 
  28      6E74202D 
  28      66756E73 
  29 00ff 2D666461 	 .ascii "-fdata-sections\000"
  29      74612D73 
  29      65637469 
  29      6F6E7300 
  30              	.LASF1:
  31 010f 433A5C55 	 .ascii "C:\\Users\\niels\\Documents\\GitHub\\DSP\\software\\"
  31      73657273 
  31      5C6E6965 
  31      6C735C44 
ARM GAS   			page 2


  31      6F63756D 
  32 013c 6F706472 	 .ascii "opdracht5\\CLion\\Debug\\SeggerRTT\000"
  32      61636874 
  32      355C434C 
  32      696F6E5C 
  32      44656275 
  33              	.LASF2:
  34 015c 433A5C55 	 .ascii "C:\\Users\\niels\\Documents\\GitHub\\DSP\\software\\"
  34      73657273 
  34      5C6E6965 
  34      6C735C44 
  34      6F63756D 
  35 0189 53544D33 	 .ascii "STM32Basis\\Segger\\Segger_RTT\\Syscalls\\SEGGER_RT"
  35      32426173 
  35      69735C53 
  35      65676765 
  35      725C5365 
  36 01b8 545F5379 	 .ascii "T_Syscalls_KEIL.c\000"
  36      7363616C 
  36      6C735F4B 
  36      45494C2E 
  36      6300
  37              	 .ident "GCC: (GNU Arm Embedded Toolchain 10.3-2021.10) 10.3.1 20210824 (release)"
