ARM GAS   			page 1


   1              	 .cpu cortex-m4
   2              	 .arch armv7e-m
   3              	 .fpu fpv4-sp-d16
   4              	 .eabi_attribute 27,1
   5              	 .eabi_attribute 28,1
   6              	 .eabi_attribute 20,1
   7              	 .eabi_attribute 21,1
   8              	 .eabi_attribute 23,3
   9              	 .eabi_attribute 24,1
  10              	 .eabi_attribute 25,1
  11              	 .eabi_attribute 26,1
  12              	 .eabi_attribute 30,6
  13              	 .eabi_attribute 34,0
  14              	 .eabi_attribute 18,4
  15              	 .file "ctickhook.cpp"
  16              	 .text
  17              	.Ltext0:
  18              	 .cfi_sections .debug_frame
  19              	 .section .rodata._ZStL19piecewise_construct,"a"
  20              	 .align 2
  21              	 .type _ZStL19piecewise_construct,%object
  22              	 .size _ZStL19piecewise_construct,1
  23              	_ZStL19piecewise_construct:
  24 0000 00       	 .space 1
  25              	 .text
  26              	.Letext0:
  27              	 .file 1 "c:\\progra~2\\gnuarm~1\\102021~1.10\\arm-none-eabi\\include\\c++\\10.3.1\\type_traits"
  28              	 .file 2 "c:\\progra~2\\gnuarm~1\\102021~1.10\\arm-none-eabi\\include\\c++\\10.3.1\\debug\\debug.h"
  29              	 .file 3 "c:\\progra~2\\gnuarm~1\\102021~1.10\\arm-none-eabi\\include\\c++\\10.3.1\\bits\\stl_pair.h"
  30              	 .file 4 "c:\\progra~2\\gnuarm~1\\102021~1.10\\arm-none-eabi\\include\\c++\\10.3.1\\bits\\exception_ptr.h"
  31              	 .file 5 "c:\\progra~2\\gnuarm~1\\102021~1.10\\arm-none-eabi\\include\\c++\\10.3.1\\bits\\stl_iterator.h"
  32              	 .file 6 "c:\\progra~2\\gnuarm~1\\102021~1.10\\arm-none-eabi\\include\\c++\\10.3.1\\arm-none-eabi\\thumb\\v7e-m+fp\\hard\\bits\\c++config.h"
  33              	 .file 7 "c:\\progra~2\\gnuarm~1\\102021~1.10\\arm-none-eabi\\include\\c++\\10.3.1\\bits\\predefined_ops.h"
  34              	 .file 8 "<built-in>"
  35              	 .section .debug_info,"",%progbits
  36              	.Ldebug_info0:
  37 0000 AF030000 	 .4byte 0x3af
  38 0004 0400     	 .2byte 0x4
  39 0006 00000000 	 .4byte .Ldebug_abbrev0
  40 000a 04       	 .byte 0x4
  41 000b 01       	 .uleb128 0x1
  42 000c 1A020000 	 .4byte .LASF50
  43 0010 04       	 .byte 0x4
  44 0011 F2030000 	 .4byte .LASF51
  45 0015 94040000 	 .4byte .LASF52
  46 0019 00000000 	 .4byte .Ldebug_line0
  47 001d 02       	 .uleb128 0x2
  48 001e 04       	 .byte 0x4
  49 001f 05       	 .byte 0x5
  50 0020 696E7400 	 .ascii "int\000"
  51 0024 03       	 .uleb128 0x3
  52 0025 04       	 .byte 0x4
  53 0026 07       	 .byte 0x7
  54 0027 03050000 	 .4byte .LASF0
  55 002b 03       	 .uleb128 0x3
  56 002c 08       	 .byte 0x8
  57 002d 05       	 .byte 0x5
ARM GAS   			page 2


  58 002e 00000000 	 .4byte .LASF1
  59 0032 03       	 .uleb128 0x3
  60 0033 08       	 .byte 0x8
  61 0034 04       	 .byte 0x4
  62 0035 C0050000 	 .4byte .LASF2
  63 0039 04       	 .uleb128 0x4
  64 003a 2D010000 	 .4byte .LASF53
  65 003e 03       	 .uleb128 0x3
  66 003f 01       	 .byte 0x1
  67 0040 06       	 .byte 0x6
  68 0041 6C050000 	 .4byte .LASF3
  69 0045 03       	 .uleb128 0x3
  70 0046 01       	 .byte 0x1
  71 0047 08       	 .byte 0x8
  72 0048 7F010000 	 .4byte .LASF4
  73 004c 03       	 .uleb128 0x3
  74 004d 02       	 .byte 0x2
  75 004e 05       	 .byte 0x5
  76 004f 56060000 	 .4byte .LASF5
  77 0053 03       	 .uleb128 0x3
  78 0054 02       	 .byte 0x2
  79 0055 07       	 .byte 0x7
  80 0056 1C070000 	 .4byte .LASF6
  81 005a 03       	 .uleb128 0x3
  82 005b 04       	 .byte 0x4
  83 005c 05       	 .byte 0x5
  84 005d 07020000 	 .4byte .LASF7
  85 0061 03       	 .uleb128 0x3
  86 0062 04       	 .byte 0x4
  87 0063 07       	 .byte 0x7
  88 0064 BC010000 	 .4byte .LASF8
  89 0068 03       	 .uleb128 0x3
  90 0069 08       	 .byte 0x8
  91 006a 07       	 .byte 0x7
  92 006b 3C050000 	 .4byte .LASF9
  93 006f 05       	 .uleb128 0x5
  94 0070 04       	 .byte 0x4
  95 0071 03       	 .uleb128 0x3
  96 0072 01       	 .byte 0x1
  97 0073 08       	 .byte 0x8
  98 0074 12060000 	 .4byte .LASF10
  99 0078 06       	 .uleb128 0x6
 100 0079 73746400 	 .ascii "std\000"
 101 007d 08       	 .byte 0x8
 102 007e 00       	 .byte 0
 103 007f 1C030000 	 .4byte 0x31c
 104 0083 07       	 .uleb128 0x7
 105 0084 23000000 	 .4byte .LASF41
 106 0088 06       	 .byte 0x6
 107 0089 1E01     	 .2byte 0x11e
 108 008b 41       	 .byte 0x41
 109 008c 08       	 .uleb128 0x8
 110 008d 06       	 .byte 0x6
 111 008e 1E01     	 .2byte 0x11e
 112 0090 41       	 .byte 0x41
 113 0091 83000000 	 .4byte 0x83
 114 0095 09       	 .uleb128 0x9
ARM GAS   			page 3


 115 0096 7F030000 	 .4byte .LASF11
 116 009a 01       	 .byte 0x1
 117 009b 680A     	 .2byte 0xa68
 118 009d 0D       	 .byte 0xd
 119 009e 0A       	 .uleb128 0xa
 120 009f 3B000000 	 .4byte .LASF13
 121 00a3 01       	 .byte 0x1
 122 00a4 03       	 .byte 0x3
 123 00a5 50       	 .byte 0x50
 124 00a6 0A       	 .byte 0xa
 125 00a7 C7000000 	 .4byte 0xc7
 126 00ab 0B       	 .uleb128 0xb
 127 00ac 3B000000 	 .4byte .LASF13
 128 00b0 03       	 .byte 0x3
 129 00b1 50       	 .byte 0x50
 130 00b2 2B       	 .byte 0x2b
 131 00b3 8D010000 	 .4byte .LASF15
 132 00b7 6E030000 	 .4byte 0x36e
 133 00bb 01       	 .byte 0x1
 134 00bc C0000000 	 .4byte 0xc0
 135 00c0 0C       	 .uleb128 0xc
 136 00c1 6E030000 	 .4byte 0x36e
 137 00c5 00       	 .byte 0
 138 00c6 00       	 .byte 0
 139 00c7 0D       	 .uleb128 0xd
 140 00c8 9E000000 	 .4byte 0x9e
 141 00cc 0E       	 .uleb128 0xe
 142 00cd F6060000 	 .4byte .LASF54
 143 00d1 03       	 .byte 0x3
 144 00d2 53       	 .byte 0x53
 145 00d3 35       	 .byte 0x35
 146 00d4 C7000000 	 .4byte 0xc7
 147 00d8 01       	 .byte 0x1
 148 00d9 00       	 .byte 0
 149 00da 0F       	 .uleb128 0xf
 150 00db 14070000 	 .4byte .LASF12
 151 00df 02       	 .byte 0x2
 152 00e0 32       	 .byte 0x32
 153 00e1 0D       	 .byte 0xd
 154 00e2 10       	 .uleb128 0x10
 155 00e3 5C050000 	 .4byte .LASF39
 156 00e7 04       	 .byte 0x4
 157 00e8 35       	 .byte 0x35
 158 00e9 0D       	 .byte 0xd
 159 00ea DD020000 	 .4byte 0x2dd
 160 00ee 11       	 .uleb128 0x11
 161 00ef AE010000 	 .4byte .LASF14
 162 00f3 04       	 .byte 0x4
 163 00f4 04       	 .byte 0x4
 164 00f5 50       	 .byte 0x50
 165 00f6 0B       	 .byte 0xb
 166 00f7 CF020000 	 .4byte 0x2cf
 167 00fb 12       	 .uleb128 0x12
 168 00fc 42060000 	 .4byte .LASF55
 169 0100 04       	 .byte 0x4
 170 0101 52       	 .byte 0x52
 171 0102 0D       	 .byte 0xd
ARM GAS   			page 4


 172 0103 6F000000 	 .4byte 0x6f
 173 0107 00       	 .byte 0
 174 0108 13       	 .uleb128 0x13
 175 0109 AE010000 	 .4byte .LASF14
 176 010d 04       	 .byte 0x4
 177 010e 54       	 .byte 0x54
 178 010f 10       	 .byte 0x10
 179 0110 EB000000 	 .4byte .LASF16
 180 0114 8E030000 	 .4byte 0x38e
 181 0118 20010000 	 .4byte 0x120
 182 011c 2B010000 	 .4byte 0x12b
 183 0120 0C       	 .uleb128 0xc
 184 0121 8E030000 	 .4byte 0x38e
 185 0125 14       	 .uleb128 0x14
 186 0126 6F000000 	 .4byte 0x6f
 187 012a 00       	 .byte 0
 188 012b 15       	 .uleb128 0x15
 189 012c 75010000 	 .4byte .LASF17
 190 0130 04       	 .byte 0x4
 191 0131 56       	 .byte 0x56
 192 0132 0C       	 .byte 0xc
 193 0133 C0030000 	 .4byte .LASF19
 194 0137 3F010000 	 .4byte 0x13f
 195 013b 45010000 	 .4byte 0x145
 196 013f 0C       	 .uleb128 0xc
 197 0140 8E030000 	 .4byte 0x38e
 198 0144 00       	 .byte 0
 199 0145 15       	 .uleb128 0x15
 200 0146 2B000000 	 .4byte .LASF18
 201 014a 04       	 .byte 0x4
 202 014b 57       	 .byte 0x57
 203 014c 0C       	 .byte 0xc
 204 014d C2060000 	 .4byte .LASF20
 205 0151 59010000 	 .4byte 0x159
 206 0155 5F010000 	 .4byte 0x15f
 207 0159 0C       	 .uleb128 0xc
 208 015a 8E030000 	 .4byte 0x38e
 209 015e 00       	 .byte 0
 210 015f 16       	 .uleb128 0x16
 211 0160 2F070000 	 .4byte .LASF30
 212 0164 04       	 .byte 0x4
 213 0165 59       	 .byte 0x59
 214 0166 0D       	 .byte 0xd
 215 0167 7F000000 	 .4byte .LASF32
 216 016b 6F000000 	 .4byte 0x6f
 217 016f 77010000 	 .4byte 0x177
 218 0173 7D010000 	 .4byte 0x17d
 219 0177 0C       	 .uleb128 0xc
 220 0178 94030000 	 .4byte 0x394
 221 017c 00       	 .byte 0
 222 017d 17       	 .uleb128 0x17
 223 017e AE010000 	 .4byte .LASF14
 224 0182 04       	 .byte 0x4
 225 0183 61       	 .byte 0x61
 226 0184 07       	 .byte 0x7
 227 0185 60060000 	 .4byte .LASF21
 228 0189 8E030000 	 .4byte 0x38e
ARM GAS   			page 5


 229 018d 01       	 .byte 0x1
 230 018e 96010000 	 .4byte 0x196
 231 0192 9C010000 	 .4byte 0x19c
 232 0196 0C       	 .uleb128 0xc
 233 0197 8E030000 	 .4byte 0x38e
 234 019b 00       	 .byte 0
 235 019c 17       	 .uleb128 0x17
 236 019d AE010000 	 .4byte .LASF14
 237 01a1 04       	 .byte 0x4
 238 01a2 63       	 .byte 0x63
 239 01a3 07       	 .byte 0x7
 240 01a4 51000000 	 .4byte .LASF22
 241 01a8 8E030000 	 .4byte 0x38e
 242 01ac 01       	 .byte 0x1
 243 01ad B5010000 	 .4byte 0x1b5
 244 01b1 C0010000 	 .4byte 0x1c0
 245 01b5 0C       	 .uleb128 0xc
 246 01b6 8E030000 	 .4byte 0x38e
 247 01ba 14       	 .uleb128 0x14
 248 01bb 9A030000 	 .4byte 0x39a
 249 01bf 00       	 .byte 0
 250 01c0 17       	 .uleb128 0x17
 251 01c1 AE010000 	 .4byte .LASF14
 252 01c5 04       	 .byte 0x4
 253 01c6 66       	 .byte 0x66
 254 01c7 07       	 .byte 0x7
 255 01c8 17060000 	 .4byte .LASF23
 256 01cc 8E030000 	 .4byte 0x38e
 257 01d0 01       	 .byte 0x1
 258 01d1 D9010000 	 .4byte 0x1d9
 259 01d5 E4010000 	 .4byte 0x1e4
 260 01d9 0C       	 .uleb128 0xc
 261 01da 8E030000 	 .4byte 0x38e
 262 01de 14       	 .uleb128 0x14
 263 01df FB020000 	 .4byte 0x2fb
 264 01e3 00       	 .byte 0
 265 01e4 17       	 .uleb128 0x17
 266 01e5 AE010000 	 .4byte .LASF14
 267 01e9 04       	 .byte 0x4
 268 01ea 6A       	 .byte 0x6a
 269 01eb 07       	 .byte 0x7
 270 01ec 93030000 	 .4byte .LASF24
 271 01f0 8E030000 	 .4byte 0x38e
 272 01f4 01       	 .byte 0x1
 273 01f5 FD010000 	 .4byte 0x1fd
 274 01f9 08020000 	 .4byte 0x208
 275 01fd 0C       	 .uleb128 0xc
 276 01fe 8E030000 	 .4byte 0x38e
 277 0202 14       	 .uleb128 0x14
 278 0203 A0030000 	 .4byte 0x3a0
 279 0207 00       	 .byte 0
 280 0208 17       	 .uleb128 0x17
 281 0209 0A070000 	 .4byte .LASF25
 282 020d 04       	 .byte 0x4
 283 020e 77       	 .byte 0x77
 284 020f 07       	 .byte 0x7
 285 0210 8A060000 	 .4byte .LASF26
ARM GAS   			page 6


 286 0214 A6030000 	 .4byte 0x3a6
 287 0218 01       	 .byte 0x1
 288 0219 21020000 	 .4byte 0x221
 289 021d 2C020000 	 .4byte 0x22c
 290 0221 0C       	 .uleb128 0xc
 291 0222 8E030000 	 .4byte 0x38e
 292 0226 14       	 .uleb128 0x14
 293 0227 9A030000 	 .4byte 0x39a
 294 022b 00       	 .byte 0
 295 022c 17       	 .uleb128 0x17
 296 022d 0A070000 	 .4byte .LASF25
 297 0231 04       	 .byte 0x4
 298 0232 7B       	 .byte 0x7b
 299 0233 07       	 .byte 0x7
 300 0234 CC050000 	 .4byte .LASF27
 301 0238 A6030000 	 .4byte 0x3a6
 302 023c 01       	 .byte 0x1
 303 023d 45020000 	 .4byte 0x245
 304 0241 50020000 	 .4byte 0x250
 305 0245 0C       	 .uleb128 0xc
 306 0246 8E030000 	 .4byte 0x38e
 307 024a 14       	 .uleb128 0x14
 308 024b A0030000 	 .4byte 0x3a0
 309 024f 00       	 .byte 0
 310 0250 17       	 .uleb128 0x17
 311 0251 F8010000 	 .4byte .LASF28
 312 0255 04       	 .byte 0x4
 313 0256 82       	 .byte 0x82
 314 0257 07       	 .byte 0x7
 315 0258 CE010000 	 .4byte .LASF29
 316 025c 6F000000 	 .4byte 0x6f
 317 0260 01       	 .byte 0x1
 318 0261 69020000 	 .4byte 0x269
 319 0265 74020000 	 .4byte 0x274
 320 0269 0C       	 .uleb128 0xc
 321 026a 8E030000 	 .4byte 0x38e
 322 026e 0C       	 .uleb128 0xc
 323 026f 1D000000 	 .4byte 0x1d
 324 0273 00       	 .byte 0
 325 0274 18       	 .uleb128 0x18
 326 0275 36000000 	 .4byte .LASF31
 327 0279 04       	 .byte 0x4
 328 027a 85       	 .byte 0x85
 329 027b 07       	 .byte 0x7
 330 027c 45010000 	 .4byte .LASF33
 331 0280 01       	 .byte 0x1
 332 0281 89020000 	 .4byte 0x289
 333 0285 94020000 	 .4byte 0x294
 334 0289 0C       	 .uleb128 0xc
 335 028a 8E030000 	 .4byte 0x38e
 336 028e 14       	 .uleb128 0x14
 337 028f A6030000 	 .4byte 0x3a6
 338 0293 00       	 .byte 0
 339 0294 19       	 .uleb128 0x19
 340 0295 F5040000 	 .4byte .LASF56
 341 0299 04       	 .byte 0x4
 342 029a 91       	 .byte 0x91
ARM GAS   			page 7


 343 029b 10       	 .byte 0x10
 344 029c 10050000 	 .4byte .LASF57
 345 02a0 52030000 	 .4byte 0x352
 346 02a4 01       	 .byte 0x1
 347 02a5 AD020000 	 .4byte 0x2ad
 348 02a9 B3020000 	 .4byte 0x2b3
 349 02ad 0C       	 .uleb128 0xc
 350 02ae 94030000 	 .4byte 0x394
 351 02b2 00       	 .byte 0
 352 02b3 1A       	 .uleb128 0x1a
 353 02b4 0E000000 	 .4byte .LASF34
 354 02b8 04       	 .byte 0x4
 355 02b9 9A       	 .byte 0x9a
 356 02ba 07       	 .byte 0x7
 357 02bb 78050000 	 .4byte .LASF35
 358 02bf AC030000 	 .4byte 0x3ac
 359 02c3 01       	 .byte 0x1
 360 02c4 C8020000 	 .4byte 0x2c8
 361 02c8 0C       	 .uleb128 0xc
 362 02c9 94030000 	 .4byte 0x394
 363 02cd 00       	 .byte 0
 364 02ce 00       	 .byte 0
 365 02cf 0D       	 .uleb128 0xd
 366 02d0 EE000000 	 .4byte 0xee
 367 02d4 1B       	 .uleb128 0x1b
 368 02d5 04       	 .byte 0x4
 369 02d6 4A       	 .byte 0x4a
 370 02d7 10       	 .byte 0x10
 371 02d8 E5020000 	 .4byte 0x2e5
 372 02dc 00       	 .byte 0
 373 02dd 1B       	 .uleb128 0x1b
 374 02de 04       	 .byte 0x4
 375 02df 3A       	 .byte 0x3a
 376 02e0 1A       	 .byte 0x1a
 377 02e1 EE000000 	 .4byte 0xee
 378 02e5 1C       	 .uleb128 0x1c
 379 02e6 1B010000 	 .4byte .LASF36
 380 02ea 04       	 .byte 0x4
 381 02eb 46       	 .byte 0x46
 382 02ec 08       	 .byte 0x8
 383 02ed AF000000 	 .4byte .LASF37
 384 02f1 FB020000 	 .4byte 0x2fb
 385 02f5 14       	 .uleb128 0x14
 386 02f6 EE000000 	 .4byte 0xee
 387 02fa 00       	 .byte 0
 388 02fb 1D       	 .uleb128 0x1d
 389 02fc 10020000 	 .4byte .LASF58
 390 0300 06       	 .byte 0x6
 391 0301 0C01     	 .2byte 0x10c
 392 0303 1D       	 .byte 0x1d
 393 0304 39000000 	 .4byte 0x39
 394 0308 1E       	 .uleb128 0x1e
 395 0309 B8060000 	 .4byte .LASF59
 396 030d 0D       	 .uleb128 0xd
 397 030e 08030000 	 .4byte 0x308
 398 0312 09       	 .uleb128 0x9
 399 0313 09060000 	 .4byte .LASF38
ARM GAS   			page 8


 400 0317 05       	 .byte 0x5
 401 0318 FC04     	 .2byte 0x4fc
 402 031a 0D       	 .byte 0xd
 403 031b 00       	 .byte 0
 404 031c 1F       	 .uleb128 0x1f
 405 031d FF050000 	 .4byte .LASF40
 406 0321 06       	 .byte 0x6
 407 0322 2001     	 .2byte 0x120
 408 0324 0B       	 .byte 0xb
 409 0325 44030000 	 .4byte 0x344
 410 0329 07       	 .uleb128 0x7
 411 032a 23000000 	 .4byte .LASF41
 412 032e 06       	 .byte 0x6
 413 032f 2201     	 .2byte 0x122
 414 0331 41       	 .byte 0x41
 415 0332 08       	 .uleb128 0x8
 416 0333 06       	 .byte 0x6
 417 0334 2201     	 .2byte 0x122
 418 0336 41       	 .byte 0x41
 419 0337 29030000 	 .4byte 0x329
 420 033b 0F       	 .uleb128 0xf
 421 033c F9050000 	 .4byte .LASF42
 422 0340 07       	 .byte 0x7
 423 0341 23       	 .byte 0x23
 424 0342 0B       	 .byte 0xb
 425 0343 00       	 .byte 0
 426 0344 03       	 .uleb128 0x3
 427 0345 08       	 .byte 0x8
 428 0346 04       	 .byte 0x4
 429 0347 78030000 	 .4byte .LASF43
 430 034b 03       	 .uleb128 0x3
 431 034c 04       	 .byte 0x4
 432 034d 04       	 .byte 0x4
 433 034e 3F010000 	 .4byte .LASF44
 434 0352 03       	 .uleb128 0x3
 435 0353 01       	 .byte 0x1
 436 0354 02       	 .byte 0x2
 437 0355 16010000 	 .4byte .LASF45
 438 0359 03       	 .uleb128 0x3
 439 035a 04       	 .byte 0x4
 440 035b 07       	 .byte 0x7
 441 035c 8C040000 	 .4byte .LASF46
 442 0360 03       	 .uleb128 0x3
 443 0361 02       	 .byte 0x2
 444 0362 10       	 .byte 0x10
 445 0363 53050000 	 .4byte .LASF47
 446 0367 03       	 .uleb128 0x3
 447 0368 04       	 .byte 0x4
 448 0369 10       	 .byte 0x10
 449 036a B7050000 	 .4byte .LASF48
 450 036e 20       	 .uleb128 0x20
 451 036f 04       	 .byte 0x4
 452 0370 9E000000 	 .4byte 0x9e
 453 0374 21       	 .uleb128 0x21
 454 0375 CC000000 	 .4byte 0xcc
 455 0379 10       	 .uleb128 0x10
 456 037a E9040000 	 .4byte .LASF49
ARM GAS   			page 9


 457 037e 02       	 .byte 0x2
 458 037f 38       	 .byte 0x38
 459 0380 0B       	 .byte 0xb
 460 0381 8E030000 	 .4byte 0x38e
 461 0385 22       	 .uleb128 0x22
 462 0386 02       	 .byte 0x2
 463 0387 3A       	 .byte 0x3a
 464 0388 18       	 .byte 0x18
 465 0389 DA000000 	 .4byte 0xda
 466 038d 00       	 .byte 0
 467 038e 20       	 .uleb128 0x20
 468 038f 04       	 .byte 0x4
 469 0390 EE000000 	 .4byte 0xee
 470 0394 20       	 .uleb128 0x20
 471 0395 04       	 .byte 0x4
 472 0396 CF020000 	 .4byte 0x2cf
 473 039a 23       	 .uleb128 0x23
 474 039b 04       	 .byte 0x4
 475 039c CF020000 	 .4byte 0x2cf
 476 03a0 24       	 .uleb128 0x24
 477 03a1 04       	 .byte 0x4
 478 03a2 EE000000 	 .4byte 0xee
 479 03a6 23       	 .uleb128 0x23
 480 03a7 04       	 .byte 0x4
 481 03a8 EE000000 	 .4byte 0xee
 482 03ac 20       	 .uleb128 0x20
 483 03ad 04       	 .byte 0x4
 484 03ae 0D030000 	 .4byte 0x30d
 485 03b2 00       	 .byte 0
 486              	 .section .debug_abbrev,"",%progbits
 487              	.Ldebug_abbrev0:
 488 0000 01       	 .uleb128 0x1
 489 0001 11       	 .uleb128 0x11
 490 0002 01       	 .byte 0x1
 491 0003 25       	 .uleb128 0x25
 492 0004 0E       	 .uleb128 0xe
 493 0005 13       	 .uleb128 0x13
 494 0006 0B       	 .uleb128 0xb
 495 0007 03       	 .uleb128 0x3
 496 0008 0E       	 .uleb128 0xe
 497 0009 1B       	 .uleb128 0x1b
 498 000a 0E       	 .uleb128 0xe
 499 000b 10       	 .uleb128 0x10
 500 000c 17       	 .uleb128 0x17
 501 000d 00       	 .byte 0
 502 000e 00       	 .byte 0
 503 000f 02       	 .uleb128 0x2
 504 0010 24       	 .uleb128 0x24
 505 0011 00       	 .byte 0
 506 0012 0B       	 .uleb128 0xb
 507 0013 0B       	 .uleb128 0xb
 508 0014 3E       	 .uleb128 0x3e
 509 0015 0B       	 .uleb128 0xb
 510 0016 03       	 .uleb128 0x3
 511 0017 08       	 .uleb128 0x8
 512 0018 00       	 .byte 0
 513 0019 00       	 .byte 0
ARM GAS   			page 10


 514 001a 03       	 .uleb128 0x3
 515 001b 24       	 .uleb128 0x24
 516 001c 00       	 .byte 0
 517 001d 0B       	 .uleb128 0xb
 518 001e 0B       	 .uleb128 0xb
 519 001f 3E       	 .uleb128 0x3e
 520 0020 0B       	 .uleb128 0xb
 521 0021 03       	 .uleb128 0x3
 522 0022 0E       	 .uleb128 0xe
 523 0023 00       	 .byte 0
 524 0024 00       	 .byte 0
 525 0025 04       	 .uleb128 0x4
 526 0026 3B       	 .uleb128 0x3b
 527 0027 00       	 .byte 0
 528 0028 03       	 .uleb128 0x3
 529 0029 0E       	 .uleb128 0xe
 530 002a 00       	 .byte 0
 531 002b 00       	 .byte 0
 532 002c 05       	 .uleb128 0x5
 533 002d 0F       	 .uleb128 0xf
 534 002e 00       	 .byte 0
 535 002f 0B       	 .uleb128 0xb
 536 0030 0B       	 .uleb128 0xb
 537 0031 00       	 .byte 0
 538 0032 00       	 .byte 0
 539 0033 06       	 .uleb128 0x6
 540 0034 39       	 .uleb128 0x39
 541 0035 01       	 .byte 0x1
 542 0036 03       	 .uleb128 0x3
 543 0037 08       	 .uleb128 0x8
 544 0038 3A       	 .uleb128 0x3a
 545 0039 0B       	 .uleb128 0xb
 546 003a 3B       	 .uleb128 0x3b
 547 003b 0B       	 .uleb128 0xb
 548 003c 01       	 .uleb128 0x1
 549 003d 13       	 .uleb128 0x13
 550 003e 00       	 .byte 0
 551 003f 00       	 .byte 0
 552 0040 07       	 .uleb128 0x7
 553 0041 39       	 .uleb128 0x39
 554 0042 00       	 .byte 0
 555 0043 03       	 .uleb128 0x3
 556 0044 0E       	 .uleb128 0xe
 557 0045 3A       	 .uleb128 0x3a
 558 0046 0B       	 .uleb128 0xb
 559 0047 3B       	 .uleb128 0x3b
 560 0048 05       	 .uleb128 0x5
 561 0049 39       	 .uleb128 0x39
 562 004a 0B       	 .uleb128 0xb
 563 004b 8901     	 .uleb128 0x89
 564 004d 19       	 .uleb128 0x19
 565 004e 00       	 .byte 0
 566 004f 00       	 .byte 0
 567 0050 08       	 .uleb128 0x8
 568 0051 3A       	 .uleb128 0x3a
 569 0052 00       	 .byte 0
 570 0053 3A       	 .uleb128 0x3a
ARM GAS   			page 11


 571 0054 0B       	 .uleb128 0xb
 572 0055 3B       	 .uleb128 0x3b
 573 0056 05       	 .uleb128 0x5
 574 0057 39       	 .uleb128 0x39
 575 0058 0B       	 .uleb128 0xb
 576 0059 18       	 .uleb128 0x18
 577 005a 13       	 .uleb128 0x13
 578 005b 00       	 .byte 0
 579 005c 00       	 .byte 0
 580 005d 09       	 .uleb128 0x9
 581 005e 39       	 .uleb128 0x39
 582 005f 00       	 .byte 0
 583 0060 03       	 .uleb128 0x3
 584 0061 0E       	 .uleb128 0xe
 585 0062 3A       	 .uleb128 0x3a
 586 0063 0B       	 .uleb128 0xb
 587 0064 3B       	 .uleb128 0x3b
 588 0065 05       	 .uleb128 0x5
 589 0066 39       	 .uleb128 0x39
 590 0067 0B       	 .uleb128 0xb
 591 0068 00       	 .byte 0
 592 0069 00       	 .byte 0
 593 006a 0A       	 .uleb128 0xa
 594 006b 13       	 .uleb128 0x13
 595 006c 01       	 .byte 0x1
 596 006d 03       	 .uleb128 0x3
 597 006e 0E       	 .uleb128 0xe
 598 006f 0B       	 .uleb128 0xb
 599 0070 0B       	 .uleb128 0xb
 600 0071 3A       	 .uleb128 0x3a
 601 0072 0B       	 .uleb128 0xb
 602 0073 3B       	 .uleb128 0x3b
 603 0074 0B       	 .uleb128 0xb
 604 0075 39       	 .uleb128 0x39
 605 0076 0B       	 .uleb128 0xb
 606 0077 01       	 .uleb128 0x1
 607 0078 13       	 .uleb128 0x13
 608 0079 00       	 .byte 0
 609 007a 00       	 .byte 0
 610 007b 0B       	 .uleb128 0xb
 611 007c 2E       	 .uleb128 0x2e
 612 007d 01       	 .byte 0x1
 613 007e 3F       	 .uleb128 0x3f
 614 007f 19       	 .uleb128 0x19
 615 0080 03       	 .uleb128 0x3
 616 0081 0E       	 .uleb128 0xe
 617 0082 3A       	 .uleb128 0x3a
 618 0083 0B       	 .uleb128 0xb
 619 0084 3B       	 .uleb128 0x3b
 620 0085 0B       	 .uleb128 0xb
 621 0086 39       	 .uleb128 0x39
 622 0087 0B       	 .uleb128 0xb
 623 0088 6E       	 .uleb128 0x6e
 624 0089 0E       	 .uleb128 0xe
 625 008a 49       	 .uleb128 0x49
 626 008b 13       	 .uleb128 0x13
 627 008c 3C       	 .uleb128 0x3c
ARM GAS   			page 12


 628 008d 19       	 .uleb128 0x19
 629 008e 63       	 .uleb128 0x63
 630 008f 19       	 .uleb128 0x19
 631 0090 8B01     	 .uleb128 0x8b
 632 0092 0B       	 .uleb128 0xb
 633 0093 64       	 .uleb128 0x64
 634 0094 13       	 .uleb128 0x13
 635 0095 00       	 .byte 0
 636 0096 00       	 .byte 0
 637 0097 0C       	 .uleb128 0xc
 638 0098 05       	 .uleb128 0x5
 639 0099 00       	 .byte 0
 640 009a 49       	 .uleb128 0x49
 641 009b 13       	 .uleb128 0x13
 642 009c 34       	 .uleb128 0x34
 643 009d 19       	 .uleb128 0x19
 644 009e 00       	 .byte 0
 645 009f 00       	 .byte 0
 646 00a0 0D       	 .uleb128 0xd
 647 00a1 26       	 .uleb128 0x26
 648 00a2 00       	 .byte 0
 649 00a3 49       	 .uleb128 0x49
 650 00a4 13       	 .uleb128 0x13
 651 00a5 00       	 .byte 0
 652 00a6 00       	 .byte 0
 653 00a7 0E       	 .uleb128 0xe
 654 00a8 34       	 .uleb128 0x34
 655 00a9 00       	 .byte 0
 656 00aa 03       	 .uleb128 0x3
 657 00ab 0E       	 .uleb128 0xe
 658 00ac 3A       	 .uleb128 0x3a
 659 00ad 0B       	 .uleb128 0xb
 660 00ae 3B       	 .uleb128 0x3b
 661 00af 0B       	 .uleb128 0xb
 662 00b0 39       	 .uleb128 0x39
 663 00b1 0B       	 .uleb128 0xb
 664 00b2 49       	 .uleb128 0x49
 665 00b3 13       	 .uleb128 0x13
 666 00b4 3C       	 .uleb128 0x3c
 667 00b5 19       	 .uleb128 0x19
 668 00b6 1C       	 .uleb128 0x1c
 669 00b7 0A       	 .uleb128 0xa
 670 00b8 6C       	 .uleb128 0x6c
 671 00b9 19       	 .uleb128 0x19
 672 00ba 00       	 .byte 0
 673 00bb 00       	 .byte 0
 674 00bc 0F       	 .uleb128 0xf
 675 00bd 39       	 .uleb128 0x39
 676 00be 00       	 .byte 0
 677 00bf 03       	 .uleb128 0x3
 678 00c0 0E       	 .uleb128 0xe
 679 00c1 3A       	 .uleb128 0x3a
 680 00c2 0B       	 .uleb128 0xb
 681 00c3 3B       	 .uleb128 0x3b
 682 00c4 0B       	 .uleb128 0xb
 683 00c5 39       	 .uleb128 0x39
 684 00c6 0B       	 .uleb128 0xb
ARM GAS   			page 13


 685 00c7 00       	 .byte 0
 686 00c8 00       	 .byte 0
 687 00c9 10       	 .uleb128 0x10
 688 00ca 39       	 .uleb128 0x39
 689 00cb 01       	 .byte 0x1
 690 00cc 03       	 .uleb128 0x3
 691 00cd 0E       	 .uleb128 0xe
 692 00ce 3A       	 .uleb128 0x3a
 693 00cf 0B       	 .uleb128 0xb
 694 00d0 3B       	 .uleb128 0x3b
 695 00d1 0B       	 .uleb128 0xb
 696 00d2 39       	 .uleb128 0x39
 697 00d3 0B       	 .uleb128 0xb
 698 00d4 01       	 .uleb128 0x1
 699 00d5 13       	 .uleb128 0x13
 700 00d6 00       	 .byte 0
 701 00d7 00       	 .byte 0
 702 00d8 11       	 .uleb128 0x11
 703 00d9 02       	 .uleb128 0x2
 704 00da 01       	 .byte 0x1
 705 00db 03       	 .uleb128 0x3
 706 00dc 0E       	 .uleb128 0xe
 707 00dd 0B       	 .uleb128 0xb
 708 00de 0B       	 .uleb128 0xb
 709 00df 3A       	 .uleb128 0x3a
 710 00e0 0B       	 .uleb128 0xb
 711 00e1 3B       	 .uleb128 0x3b
 712 00e2 0B       	 .uleb128 0xb
 713 00e3 39       	 .uleb128 0x39
 714 00e4 0B       	 .uleb128 0xb
 715 00e5 01       	 .uleb128 0x1
 716 00e6 13       	 .uleb128 0x13
 717 00e7 00       	 .byte 0
 718 00e8 00       	 .byte 0
 719 00e9 12       	 .uleb128 0x12
 720 00ea 0D       	 .uleb128 0xd
 721 00eb 00       	 .byte 0
 722 00ec 03       	 .uleb128 0x3
 723 00ed 0E       	 .uleb128 0xe
 724 00ee 3A       	 .uleb128 0x3a
 725 00ef 0B       	 .uleb128 0xb
 726 00f0 3B       	 .uleb128 0x3b
 727 00f1 0B       	 .uleb128 0xb
 728 00f2 39       	 .uleb128 0x39
 729 00f3 0B       	 .uleb128 0xb
 730 00f4 49       	 .uleb128 0x49
 731 00f5 13       	 .uleb128 0x13
 732 00f6 38       	 .uleb128 0x38
 733 00f7 0B       	 .uleb128 0xb
 734 00f8 00       	 .byte 0
 735 00f9 00       	 .byte 0
 736 00fa 13       	 .uleb128 0x13
 737 00fb 2E       	 .uleb128 0x2e
 738 00fc 01       	 .byte 0x1
 739 00fd 3F       	 .uleb128 0x3f
 740 00fe 19       	 .uleb128 0x19
 741 00ff 03       	 .uleb128 0x3
ARM GAS   			page 14


 742 0100 0E       	 .uleb128 0xe
 743 0101 3A       	 .uleb128 0x3a
 744 0102 0B       	 .uleb128 0xb
 745 0103 3B       	 .uleb128 0x3b
 746 0104 0B       	 .uleb128 0xb
 747 0105 39       	 .uleb128 0x39
 748 0106 0B       	 .uleb128 0xb
 749 0107 6E       	 .uleb128 0x6e
 750 0108 0E       	 .uleb128 0xe
 751 0109 49       	 .uleb128 0x49
 752 010a 13       	 .uleb128 0x13
 753 010b 3C       	 .uleb128 0x3c
 754 010c 19       	 .uleb128 0x19
 755 010d 63       	 .uleb128 0x63
 756 010e 19       	 .uleb128 0x19
 757 010f 64       	 .uleb128 0x64
 758 0110 13       	 .uleb128 0x13
 759 0111 01       	 .uleb128 0x1
 760 0112 13       	 .uleb128 0x13
 761 0113 00       	 .byte 0
 762 0114 00       	 .byte 0
 763 0115 14       	 .uleb128 0x14
 764 0116 05       	 .uleb128 0x5
 765 0117 00       	 .byte 0
 766 0118 49       	 .uleb128 0x49
 767 0119 13       	 .uleb128 0x13
 768 011a 00       	 .byte 0
 769 011b 00       	 .byte 0
 770 011c 15       	 .uleb128 0x15
 771 011d 2E       	 .uleb128 0x2e
 772 011e 01       	 .byte 0x1
 773 011f 3F       	 .uleb128 0x3f
 774 0120 19       	 .uleb128 0x19
 775 0121 03       	 .uleb128 0x3
 776 0122 0E       	 .uleb128 0xe
 777 0123 3A       	 .uleb128 0x3a
 778 0124 0B       	 .uleb128 0xb
 779 0125 3B       	 .uleb128 0x3b
 780 0126 0B       	 .uleb128 0xb
 781 0127 39       	 .uleb128 0x39
 782 0128 0B       	 .uleb128 0xb
 783 0129 6E       	 .uleb128 0x6e
 784 012a 0E       	 .uleb128 0xe
 785 012b 3C       	 .uleb128 0x3c
 786 012c 19       	 .uleb128 0x19
 787 012d 64       	 .uleb128 0x64
 788 012e 13       	 .uleb128 0x13
 789 012f 01       	 .uleb128 0x1
 790 0130 13       	 .uleb128 0x13
 791 0131 00       	 .byte 0
 792 0132 00       	 .byte 0
 793 0133 16       	 .uleb128 0x16
 794 0134 2E       	 .uleb128 0x2e
 795 0135 01       	 .byte 0x1
 796 0136 3F       	 .uleb128 0x3f
 797 0137 19       	 .uleb128 0x19
 798 0138 03       	 .uleb128 0x3
ARM GAS   			page 15


 799 0139 0E       	 .uleb128 0xe
 800 013a 3A       	 .uleb128 0x3a
 801 013b 0B       	 .uleb128 0xb
 802 013c 3B       	 .uleb128 0x3b
 803 013d 0B       	 .uleb128 0xb
 804 013e 39       	 .uleb128 0x39
 805 013f 0B       	 .uleb128 0xb
 806 0140 6E       	 .uleb128 0x6e
 807 0141 0E       	 .uleb128 0xe
 808 0142 49       	 .uleb128 0x49
 809 0143 13       	 .uleb128 0x13
 810 0144 3C       	 .uleb128 0x3c
 811 0145 19       	 .uleb128 0x19
 812 0146 64       	 .uleb128 0x64
 813 0147 13       	 .uleb128 0x13
 814 0148 01       	 .uleb128 0x1
 815 0149 13       	 .uleb128 0x13
 816 014a 00       	 .byte 0
 817 014b 00       	 .byte 0
 818 014c 17       	 .uleb128 0x17
 819 014d 2E       	 .uleb128 0x2e
 820 014e 01       	 .byte 0x1
 821 014f 3F       	 .uleb128 0x3f
 822 0150 19       	 .uleb128 0x19
 823 0151 03       	 .uleb128 0x3
 824 0152 0E       	 .uleb128 0xe
 825 0153 3A       	 .uleb128 0x3a
 826 0154 0B       	 .uleb128 0xb
 827 0155 3B       	 .uleb128 0x3b
 828 0156 0B       	 .uleb128 0xb
 829 0157 39       	 .uleb128 0x39
 830 0158 0B       	 .uleb128 0xb
 831 0159 6E       	 .uleb128 0x6e
 832 015a 0E       	 .uleb128 0xe
 833 015b 49       	 .uleb128 0x49
 834 015c 13       	 .uleb128 0x13
 835 015d 32       	 .uleb128 0x32
 836 015e 0B       	 .uleb128 0xb
 837 015f 3C       	 .uleb128 0x3c
 838 0160 19       	 .uleb128 0x19
 839 0161 64       	 .uleb128 0x64
 840 0162 13       	 .uleb128 0x13
 841 0163 01       	 .uleb128 0x1
 842 0164 13       	 .uleb128 0x13
 843 0165 00       	 .byte 0
 844 0166 00       	 .byte 0
 845 0167 18       	 .uleb128 0x18
 846 0168 2E       	 .uleb128 0x2e
 847 0169 01       	 .byte 0x1
 848 016a 3F       	 .uleb128 0x3f
 849 016b 19       	 .uleb128 0x19
 850 016c 03       	 .uleb128 0x3
 851 016d 0E       	 .uleb128 0xe
 852 016e 3A       	 .uleb128 0x3a
 853 016f 0B       	 .uleb128 0xb
 854 0170 3B       	 .uleb128 0x3b
 855 0171 0B       	 .uleb128 0xb
ARM GAS   			page 16


 856 0172 39       	 .uleb128 0x39
 857 0173 0B       	 .uleb128 0xb
 858 0174 6E       	 .uleb128 0x6e
 859 0175 0E       	 .uleb128 0xe
 860 0176 32       	 .uleb128 0x32
 861 0177 0B       	 .uleb128 0xb
 862 0178 3C       	 .uleb128 0x3c
 863 0179 19       	 .uleb128 0x19
 864 017a 64       	 .uleb128 0x64
 865 017b 13       	 .uleb128 0x13
 866 017c 01       	 .uleb128 0x1
 867 017d 13       	 .uleb128 0x13
 868 017e 00       	 .byte 0
 869 017f 00       	 .byte 0
 870 0180 19       	 .uleb128 0x19
 871 0181 2E       	 .uleb128 0x2e
 872 0182 01       	 .byte 0x1
 873 0183 3F       	 .uleb128 0x3f
 874 0184 19       	 .uleb128 0x19
 875 0185 03       	 .uleb128 0x3
 876 0186 0E       	 .uleb128 0xe
 877 0187 3A       	 .uleb128 0x3a
 878 0188 0B       	 .uleb128 0xb
 879 0189 3B       	 .uleb128 0x3b
 880 018a 0B       	 .uleb128 0xb
 881 018b 39       	 .uleb128 0x39
 882 018c 0B       	 .uleb128 0xb
 883 018d 6E       	 .uleb128 0x6e
 884 018e 0E       	 .uleb128 0xe
 885 018f 49       	 .uleb128 0x49
 886 0190 13       	 .uleb128 0x13
 887 0191 32       	 .uleb128 0x32
 888 0192 0B       	 .uleb128 0xb
 889 0193 3C       	 .uleb128 0x3c
 890 0194 19       	 .uleb128 0x19
 891 0195 63       	 .uleb128 0x63
 892 0196 19       	 .uleb128 0x19
 893 0197 64       	 .uleb128 0x64
 894 0198 13       	 .uleb128 0x13
 895 0199 01       	 .uleb128 0x1
 896 019a 13       	 .uleb128 0x13
 897 019b 00       	 .byte 0
 898 019c 00       	 .byte 0
 899 019d 1A       	 .uleb128 0x1a
 900 019e 2E       	 .uleb128 0x2e
 901 019f 01       	 .byte 0x1
 902 01a0 3F       	 .uleb128 0x3f
 903 01a1 19       	 .uleb128 0x19
 904 01a2 03       	 .uleb128 0x3
 905 01a3 0E       	 .uleb128 0xe
 906 01a4 3A       	 .uleb128 0x3a
 907 01a5 0B       	 .uleb128 0xb
 908 01a6 3B       	 .uleb128 0x3b
 909 01a7 0B       	 .uleb128 0xb
 910 01a8 39       	 .uleb128 0x39
 911 01a9 0B       	 .uleb128 0xb
 912 01aa 6E       	 .uleb128 0x6e
ARM GAS   			page 17


 913 01ab 0E       	 .uleb128 0xe
 914 01ac 49       	 .uleb128 0x49
 915 01ad 13       	 .uleb128 0x13
 916 01ae 32       	 .uleb128 0x32
 917 01af 0B       	 .uleb128 0xb
 918 01b0 3C       	 .uleb128 0x3c
 919 01b1 19       	 .uleb128 0x19
 920 01b2 64       	 .uleb128 0x64
 921 01b3 13       	 .uleb128 0x13
 922 01b4 00       	 .byte 0
 923 01b5 00       	 .byte 0
 924 01b6 1B       	 .uleb128 0x1b
 925 01b7 08       	 .uleb128 0x8
 926 01b8 00       	 .byte 0
 927 01b9 3A       	 .uleb128 0x3a
 928 01ba 0B       	 .uleb128 0xb
 929 01bb 3B       	 .uleb128 0x3b
 930 01bc 0B       	 .uleb128 0xb
 931 01bd 39       	 .uleb128 0x39
 932 01be 0B       	 .uleb128 0xb
 933 01bf 18       	 .uleb128 0x18
 934 01c0 13       	 .uleb128 0x13
 935 01c1 00       	 .byte 0
 936 01c2 00       	 .byte 0
 937 01c3 1C       	 .uleb128 0x1c
 938 01c4 2E       	 .uleb128 0x2e
 939 01c5 01       	 .byte 0x1
 940 01c6 3F       	 .uleb128 0x3f
 941 01c7 19       	 .uleb128 0x19
 942 01c8 03       	 .uleb128 0x3
 943 01c9 0E       	 .uleb128 0xe
 944 01ca 3A       	 .uleb128 0x3a
 945 01cb 0B       	 .uleb128 0xb
 946 01cc 3B       	 .uleb128 0x3b
 947 01cd 0B       	 .uleb128 0xb
 948 01ce 39       	 .uleb128 0x39
 949 01cf 0B       	 .uleb128 0xb
 950 01d0 6E       	 .uleb128 0x6e
 951 01d1 0E       	 .uleb128 0xe
 952 01d2 8701     	 .uleb128 0x87
 953 01d4 19       	 .uleb128 0x19
 954 01d5 3C       	 .uleb128 0x3c
 955 01d6 19       	 .uleb128 0x19
 956 01d7 01       	 .uleb128 0x1
 957 01d8 13       	 .uleb128 0x13
 958 01d9 00       	 .byte 0
 959 01da 00       	 .byte 0
 960 01db 1D       	 .uleb128 0x1d
 961 01dc 16       	 .uleb128 0x16
 962 01dd 00       	 .byte 0
 963 01de 03       	 .uleb128 0x3
 964 01df 0E       	 .uleb128 0xe
 965 01e0 3A       	 .uleb128 0x3a
 966 01e1 0B       	 .uleb128 0xb
 967 01e2 3B       	 .uleb128 0x3b
 968 01e3 05       	 .uleb128 0x5
 969 01e4 39       	 .uleb128 0x39
ARM GAS   			page 18


 970 01e5 0B       	 .uleb128 0xb
 971 01e6 49       	 .uleb128 0x49
 972 01e7 13       	 .uleb128 0x13
 973 01e8 00       	 .byte 0
 974 01e9 00       	 .byte 0
 975 01ea 1E       	 .uleb128 0x1e
 976 01eb 02       	 .uleb128 0x2
 977 01ec 00       	 .byte 0
 978 01ed 03       	 .uleb128 0x3
 979 01ee 0E       	 .uleb128 0xe
 980 01ef 3C       	 .uleb128 0x3c
 981 01f0 19       	 .uleb128 0x19
 982 01f1 00       	 .byte 0
 983 01f2 00       	 .byte 0
 984 01f3 1F       	 .uleb128 0x1f
 985 01f4 39       	 .uleb128 0x39
 986 01f5 01       	 .byte 0x1
 987 01f6 03       	 .uleb128 0x3
 988 01f7 0E       	 .uleb128 0xe
 989 01f8 3A       	 .uleb128 0x3a
 990 01f9 0B       	 .uleb128 0xb
 991 01fa 3B       	 .uleb128 0x3b
 992 01fb 05       	 .uleb128 0x5
 993 01fc 39       	 .uleb128 0x39
 994 01fd 0B       	 .uleb128 0xb
 995 01fe 01       	 .uleb128 0x1
 996 01ff 13       	 .uleb128 0x13
 997 0200 00       	 .byte 0
 998 0201 00       	 .byte 0
 999 0202 20       	 .uleb128 0x20
 1000 0203 0F       	 .uleb128 0xf
 1001 0204 00       	 .byte 0
 1002 0205 0B       	 .uleb128 0xb
 1003 0206 0B       	 .uleb128 0xb
 1004 0207 49       	 .uleb128 0x49
 1005 0208 13       	 .uleb128 0x13
 1006 0209 00       	 .byte 0
 1007 020a 00       	 .byte 0
 1008 020b 21       	 .uleb128 0x21
 1009 020c 34       	 .uleb128 0x34
 1010 020d 00       	 .byte 0
 1011 020e 47       	 .uleb128 0x47
 1012 020f 13       	 .uleb128 0x13
 1013 0210 00       	 .byte 0
 1014 0211 00       	 .byte 0
 1015 0212 22       	 .uleb128 0x22
 1016 0213 3A       	 .uleb128 0x3a
 1017 0214 00       	 .byte 0
 1018 0215 3A       	 .uleb128 0x3a
 1019 0216 0B       	 .uleb128 0xb
 1020 0217 3B       	 .uleb128 0x3b
 1021 0218 0B       	 .uleb128 0xb
 1022 0219 39       	 .uleb128 0x39
 1023 021a 0B       	 .uleb128 0xb
 1024 021b 18       	 .uleb128 0x18
 1025 021c 13       	 .uleb128 0x13
 1026 021d 00       	 .byte 0
ARM GAS   			page 19


 1027 021e 00       	 .byte 0
 1028 021f 23       	 .uleb128 0x23
 1029 0220 10       	 .uleb128 0x10
 1030 0221 00       	 .byte 0
 1031 0222 0B       	 .uleb128 0xb
 1032 0223 0B       	 .uleb128 0xb
 1033 0224 49       	 .uleb128 0x49
 1034 0225 13       	 .uleb128 0x13
 1035 0226 00       	 .byte 0
 1036 0227 00       	 .byte 0
 1037 0228 24       	 .uleb128 0x24
 1038 0229 42       	 .uleb128 0x42
 1039 022a 00       	 .byte 0
 1040 022b 0B       	 .uleb128 0xb
 1041 022c 0B       	 .uleb128 0xb
 1042 022d 49       	 .uleb128 0x49
 1043 022e 13       	 .uleb128 0x13
 1044 022f 00       	 .byte 0
 1045 0230 00       	 .byte 0
 1046 0231 00       	 .byte 0
 1047              	 .section .debug_aranges,"",%progbits
 1048 0000 14000000 	 .4byte 0x14
 1049 0004 0200     	 .2byte 0x2
 1050 0006 00000000 	 .4byte .Ldebug_info0
 1051 000a 04       	 .byte 0x4
 1052 000b 00       	 .byte 0
 1053 000c 0000     	 .2byte 0
 1054 000e 0000     	 .2byte 0
 1055 0010 00000000 	 .4byte 0
 1056 0014 00000000 	 .4byte 0
 1057              	 .section .debug_line,"",%progbits
 1058              	.Ldebug_line0:
 1059 0000 D1010000 	 .section .debug_str,"MS",%progbits,1
 1059      0300CB01 
 1059      00000201 
 1059      FB0E0D00 
 1059      01010101 
 1060              	.LASF1:
 1061 0000 6C6F6E67 	 .ascii "long long int\000"
 1061      206C6F6E 
 1061      6720696E 
 1061      7400
 1062              	.LASF34:
 1063 000e 5F5F6378 	 .ascii "__cxa_exception_type\000"
 1063      615F6578 
 1063      63657074 
 1063      696F6E5F 
 1063      74797065 
 1064              	.LASF41:
 1065 0023 5F5F6378 	 .ascii "__cxx11\000"
 1065      78313100 
 1066              	.LASF18:
 1067 002b 5F4D5F72 	 .ascii "_M_release\000"
 1067      656C6561 
 1067      736500
 1068              	.LASF31:
 1069 0036 73776170 	 .ascii "swap\000"
ARM GAS   			page 20


 1069      00
 1070              	.LASF13:
 1071 003b 70696563 	 .ascii "piecewise_construct_t\000"
 1071      65776973 
 1071      655F636F 
 1071      6E737472 
 1071      7563745F 
 1072              	.LASF22:
 1073 0051 5F5A4E53 	 .ascii "_ZNSt15__exception_ptr13exception_ptrC4ERKS0_\000"
 1073      7431355F 
 1073      5F657863 
 1073      65707469 
 1073      6F6E5F70 
 1074              	.LASF32:
 1075 007f 5F5A4E4B 	 .ascii "_ZNKSt15__exception_ptr13exception_ptr6_M_getEv\000"
 1075      53743135 
 1075      5F5F6578 
 1075      63657074 
 1075      696F6E5F 
 1076              	.LASF37:
 1077 00af 5F5A5374 	 .ascii "_ZSt17rethrow_exceptionNSt15__exception_ptr13except"
 1077      31377265 
 1077      7468726F 
 1077      775F6578 
 1077      63657074 
 1078 00e2 696F6E5F 	 .ascii "ion_ptrE\000"
 1078      70747245 
 1078      00
 1079              	.LASF16:
 1080 00eb 5F5A4E53 	 .ascii "_ZNSt15__exception_ptr13exception_ptrC4EPv\000"
 1080      7431355F 
 1080      5F657863 
 1080      65707469 
 1080      6F6E5F70 
 1081              	.LASF45:
 1082 0116 626F6F6C 	 .ascii "bool\000"
 1082      00
 1083              	.LASF36:
 1084 011b 72657468 	 .ascii "rethrow_exception\000"
 1084      726F775F 
 1084      65786365 
 1084      7074696F 
 1084      6E00
 1085              	.LASF53:
 1086 012d 6465636C 	 .ascii "decltype(nullptr)\000"
 1086      74797065 
 1086      286E756C 
 1086      6C707472 
 1086      2900
 1087              	.LASF44:
 1088 013f 666C6F61 	 .ascii "float\000"
 1088      7400
 1089              	.LASF33:
 1090 0145 5F5A4E53 	 .ascii "_ZNSt15__exception_ptr13exception_ptr4swapERS0_\000"
 1090      7431355F 
 1090      5F657863 
 1090      65707469 
ARM GAS   			page 21


 1090      6F6E5F70 
 1091              	.LASF17:
 1092 0175 5F4D5F61 	 .ascii "_M_addref\000"
 1092      64647265 
 1092      6600
 1093              	.LASF4:
 1094 017f 756E7369 	 .ascii "unsigned char\000"
 1094      676E6564 
 1094      20636861 
 1094      7200
 1095              	.LASF15:
 1096 018d 5F5A4E53 	 .ascii "_ZNSt21piecewise_construct_tC4Ev\000"
 1096      74323170 
 1096      69656365 
 1096      77697365 
 1096      5F636F6E 
 1097              	.LASF14:
 1098 01ae 65786365 	 .ascii "exception_ptr\000"
 1098      7074696F 
 1098      6E5F7074 
 1098      7200
 1099              	.LASF8:
 1100 01bc 6C6F6E67 	 .ascii "long unsigned int\000"
 1100      20756E73 
 1100      69676E65 
 1100      6420696E 
 1100      7400
 1101              	.LASF29:
 1102 01ce 5F5A4E53 	 .ascii "_ZNSt15__exception_ptr13exception_ptrD4Ev\000"
 1102      7431355F 
 1102      5F657863 
 1102      65707469 
 1102      6F6E5F70 
 1103              	.LASF28:
 1104 01f8 7E657863 	 .ascii "~exception_ptr\000"
 1104      65707469 
 1104      6F6E5F70 
 1104      747200
 1105              	.LASF7:
 1106 0207 6C6F6E67 	 .ascii "long int\000"
 1106      20696E74 
 1106      00
 1107              	.LASF58:
 1108 0210 6E756C6C 	 .ascii "nullptr_t\000"
 1108      7074725F 
 1108      7400
 1109              	.LASF50:
 1110 021a 474E5520 	 .ascii "GNU C++14 10.3.1 20210824 (release) -mcpu=cortex-m4"
 1110      432B2B31 
 1110      34203130 
 1110      2E332E31 
 1110      20323032 
 1111 024d 202D6D66 	 .ascii " -mfloat-abi=hard -mfpu=fpv4-sp-d16 -mfix-cortex-m3"
 1111      6C6F6174 
 1111      2D616269 
 1111      3D686172 
 1111      64202D6D 
ARM GAS   			page 22


 1112 0280 2D6C6472 	 .ascii "-ldrd -mthumb -mno-unaligned-access -mapcs-frame -m"
 1112      64202D6D 
 1112      7468756D 
 1112      62202D6D 
 1112      6E6F2D75 
 1113 02b3 61726368 	 .ascii "arch=armv7e-m+fp -g -g -O0 -std=c++14 -std=c++14 -s"
 1113      3D61726D 
 1113      7637652D 
 1113      6D2B6670 
 1113      202D6720 
 1114 02e6 74643D67 	 .ascii "td=gnu++11 -std=c++14 -fsingle-precision-constant -"
 1114      6E752B2B 
 1114      3131202D 
 1114      7374643D 
 1114      632B2B31 
 1115 0319 66756E73 	 .ascii "funsigned-char -ffunction-sections -fdata-sections "
 1115      69676E65 
 1115      642D6368 
 1115      6172202D 
 1115      6666756E 
 1116 034c 2D666E6F 	 .ascii "-fno-rtti -fno-exceptions -finline-limit=20\000"
 1116      2D727474 
 1116      69202D66 
 1116      6E6F2D65 
 1116      78636570 
 1117              	.LASF43:
 1118 0378 646F7562 	 .ascii "double\000"
 1118      6C6500
 1119              	.LASF11:
 1120 037f 5F5F7377 	 .ascii "__swappable_details\000"
 1120      61707061 
 1120      626C655F 
 1120      64657461 
 1120      696C7300 
 1121              	.LASF24:
 1122 0393 5F5A4E53 	 .ascii "_ZNSt15__exception_ptr13exception_ptrC4EOS0_\000"
 1122      7431355F 
 1122      5F657863 
 1122      65707469 
 1122      6F6E5F70 
 1123              	.LASF19:
 1124 03c0 5F5A4E53 	 .ascii "_ZNSt15__exception_ptr13exception_ptr9_M_addrefEv\000"
 1124      7431355F 
 1124      5F657863 
 1124      65707469 
 1124      6F6E5F70 
 1125              	.LASF51:
 1126 03f2 433A5C55 	 .ascii "C:\\Users\\niels\\Documents\\Elektrotechniek\\Jaar "
 1126      73657273 
 1126      5C6E6965 
 1126      6C735C44 
 1126      6F63756D 
 1127 0420 335C6473 	 .ascii "3\\dspl\\software\\STM32Basis\\HAL\\gemeenschappeli"
 1127      706C5C73 
 1127      6F667477 
 1127      6172655C 
 1127      53544D33 
ARM GAS   			page 23


 1128 044e 6A6B5C54 	 .ascii "jk\\Third_Party\\freertos-addons-1.1.0\\c++\\Source"
 1128      68697264 
 1128      5F506172 
 1128      74795C66 
 1128      72656572 
 1129 047d 5C637469 	 .ascii "\\ctickhook.cpp\000"
 1129      636B686F 
 1129      6F6B2E63 
 1129      707000
 1130              	.LASF46:
 1131 048c 77636861 	 .ascii "wchar_t\000"
 1131      725F7400 
 1132              	.LASF52:
 1133 0494 433A5C55 	 .ascii "C:\\Users\\niels\\DOCUME~1\\ELEKTR~1\\JAAR3~1\\dspl"
 1133      73657273 
 1133      5C6E6965 
 1133      6C735C44 
 1133      4F43554D 
 1134 04c1 5C736F66 	 .ascii "\\software\\OP2A2E~1\\CLion\\Debug\\FREERT~1\000"
 1134      74776172 
 1134      655C4F50 
 1134      32413245 
 1134      7E315C43 
 1135              	.LASF49:
 1136 04e9 5F5F676E 	 .ascii "__gnu_debug\000"
 1136      755F6465 
 1136      62756700 
 1137              	.LASF56:
 1138 04f5 6F706572 	 .ascii "operator bool\000"
 1138      61746F72 
 1138      20626F6F 
 1138      6C00
 1139              	.LASF0:
 1140 0503 756E7369 	 .ascii "unsigned int\000"
 1140      676E6564 
 1140      20696E74 
 1140      00
 1141              	.LASF57:
 1142 0510 5F5A4E4B 	 .ascii "_ZNKSt15__exception_ptr13exception_ptrcvbEv\000"
 1142      53743135 
 1142      5F5F6578 
 1142      63657074 
 1142      696F6E5F 
 1143              	.LASF9:
 1144 053c 6C6F6E67 	 .ascii "long long unsigned int\000"
 1144      206C6F6E 
 1144      6720756E 
 1144      7369676E 
 1144      65642069 
 1145              	.LASF47:
 1146 0553 63686172 	 .ascii "char16_t\000"
 1146      31365F74 
 1146      00
 1147              	.LASF39:
 1148 055c 5F5F6578 	 .ascii "__exception_ptr\000"
 1148      63657074 
 1148      696F6E5F 
ARM GAS   			page 24


 1148      70747200 
 1149              	.LASF3:
 1150 056c 7369676E 	 .ascii "signed char\000"
 1150      65642063 
 1150      68617200 
 1151              	.LASF35:
 1152 0578 5F5A4E4B 	 .ascii "_ZNKSt15__exception_ptr13exception_ptr20__cxa_excep"
 1152      53743135 
 1152      5F5F6578 
 1152      63657074 
 1152      696F6E5F 
 1153 05ab 74696F6E 	 .ascii "tion_typeEv\000"
 1153      5F747970 
 1153      65457600 
 1154              	.LASF48:
 1155 05b7 63686172 	 .ascii "char32_t\000"
 1155      33325F74 
 1155      00
 1156              	.LASF2:
 1157 05c0 6C6F6E67 	 .ascii "long double\000"
 1157      20646F75 
 1157      626C6500 
 1158              	.LASF27:
 1159 05cc 5F5A4E53 	 .ascii "_ZNSt15__exception_ptr13exception_ptraSEOS0_\000"
 1159      7431355F 
 1159      5F657863 
 1159      65707469 
 1159      6F6E5F70 
 1160              	.LASF42:
 1161 05f9 5F5F6F70 	 .ascii "__ops\000"
 1161      7300
 1162              	.LASF40:
 1163 05ff 5F5F676E 	 .ascii "__gnu_cxx\000"
 1163      755F6378 
 1163      7800
 1164              	.LASF38:
 1165 0609 5F5F6465 	 .ascii "__detail\000"
 1165      7461696C 
 1165      00
 1166              	.LASF10:
 1167 0612 63686172 	 .ascii "char\000"
 1167      00
 1168              	.LASF23:
 1169 0617 5F5A4E53 	 .ascii "_ZNSt15__exception_ptr13exception_ptrC4EDn\000"
 1169      7431355F 
 1169      5F657863 
 1169      65707469 
 1169      6F6E5F70 
 1170              	.LASF55:
 1171 0642 5F4D5F65 	 .ascii "_M_exception_object\000"
 1171      78636570 
 1171      74696F6E 
 1171      5F6F626A 
 1171      65637400 
 1172              	.LASF5:
 1173 0656 73686F72 	 .ascii "short int\000"
 1173      7420696E 
ARM GAS   			page 25


 1173      7400
 1174              	.LASF21:
 1175 0660 5F5A4E53 	 .ascii "_ZNSt15__exception_ptr13exception_ptrC4Ev\000"
 1175      7431355F 
 1175      5F657863 
 1175      65707469 
 1175      6F6E5F70 
 1176              	.LASF26:
 1177 068a 5F5A4E53 	 .ascii "_ZNSt15__exception_ptr13exception_ptraSERKS0_\000"
 1177      7431355F 
 1177      5F657863 
 1177      65707469 
 1177      6F6E5F70 
 1178              	.LASF59:
 1179 06b8 74797065 	 .ascii "type_info\000"
 1179      5F696E66 
 1179      6F00
 1180              	.LASF20:
 1181 06c2 5F5A4E53 	 .ascii "_ZNSt15__exception_ptr13exception_ptr10_M_releaseEv"
 1181      7431355F 
 1181      5F657863 
 1181      65707469 
 1181      6F6E5F70 
 1182 06f5 00       	 .ascii "\000"
 1183              	.LASF54:
 1184 06f6 70696563 	 .ascii "piecewise_construct\000"
 1184      65776973 
 1184      655F636F 
 1184      6E737472 
 1184      75637400 
 1185              	.LASF25:
 1186 070a 6F706572 	 .ascii "operator=\000"
 1186      61746F72 
 1186      3D00
 1187              	.LASF12:
 1188 0714 5F5F6465 	 .ascii "__debug\000"
 1188      62756700 
 1189              	.LASF6:
 1190 071c 73686F72 	 .ascii "short unsigned int\000"
 1190      7420756E 
 1190      7369676E 
 1190      65642069 
 1190      6E7400
 1191              	.LASF30:
 1192 072f 5F4D5F67 	 .ascii "_M_get\000"
 1192      657400
 1193              	 .ident "GCC: (GNU Arm Embedded Toolchain 10.3-2021.10) 10.3.1 20210824 (release)"
