  -- Install configuration: "Debug"
  -- Installing: C:/Users/niels/Documents/Elektrotechniek/Jaar 3/dspl/software/opdracht3/Executable/x86_64/Debug/share/locale/de_DE/LC_MESSAGES/DSB.mo
  -- Installing: C:/Users/niels/Documents/Elektrotechniek/Jaar 3/dspl/software/opdracht3/Executable/x86_64/Debug/share/locale/de_DE/LC_MESSAGES/wxstd.mo
  -- Installing: C:/Users/niels/Documents/Elektrotechniek/Jaar 3/dspl/software/opdracht3/Executable/x86_64/Debug/share/locale/id_ID/LC_MESSAGES/DSB.mo
  -- Installing: C:/Users/niels/Documents/Elektrotechniek/Jaar 3/dspl/software/opdracht3/Executable/x86_64/Debug/share/locale/id_ID/LC_MESSAGES/wxstd.mo
  -- Installing: C:/Users/niels/Documents/Elektrotechniek/Jaar 3/dspl/software/opdracht3/Executable/x86_64/Debug/share/locale/nl_NL/LC_MESSAGES/DSB.mo
  -- Installing: C:/Users/niels/Documents/Elektrotechniek/Jaar 3/dspl/software/opdracht3/Executable/x86_64/Debug/share/locale/nl_NL/LC_MESSAGES/wxstd.mo
  -- Installing: C:/Users/niels/Documents/Elektrotechniek/Jaar 3/dspl/software/opdracht3/Executable/x86_64/Debug/share/locale/ro_RO/LC_MESSAGES/DSB.mo
  -- Installing: C:/Users/niels/Documents/Elektrotechniek/Jaar 3/dspl/software/opdracht3/Executable/x86_64/Debug/share/locale/ro_RO/LC_MESSAGES/wxstd.mo
  -- Installing: C:/Users/niels/Documents/Elektrotechniek/Jaar 3/dspl/software/opdracht3/Executable/x86_64/Debug/share/locale/ru_RU/LC_MESSAGES/DSB.mo
  -- Installing: C:/Users/niels/Documents/Elektrotechniek/Jaar 3/dspl/software/opdracht3/Executable/x86_64/Debug/share/locale/ru_RU/LC_MESSAGES/wxstd.mo
  -- Installing: C:/Users/niels/Documents/Elektrotechniek/Jaar 3/dspl/software/opdracht3/Executable/x86_64/Debug/share/locale/vi_VI/LC_MESSAGES/DSB.mo
  -- Installing: C:/Users/niels/Documents/Elektrotechniek/Jaar 3/dspl/software/opdracht3/Executable/x86_64/Debug/share/locale/vi_VI/LC_MESSAGES/wxstd.mo
  -- Installing: C:/Users/niels/Documents/Elektrotechniek/Jaar 3/dspl/software/opdracht3/Executable/x86_64/Debug/share/locale/zh_CN/LC_MESSAGES/DSB.mo
  -- Installing: C:/Users/niels/Documents/Elektrotechniek/Jaar 3/dspl/software/opdracht3/Executable/x86_64/Debug/share/locale/zh_CN/LC_MESSAGES/wxstd.mo
  -- Installing: C:/Users/niels/Documents/Elektrotechniek/Jaar 3/dspl/software/opdracht3/Executable/x86_64/Debug/bin/msvcp100.dll
  -- Installing: C:/Users/niels/Documents/Elektrotechniek/Jaar 3/dspl/software/opdracht3/Executable/x86_64/Debug/bin/msvcr100.dll
  CMake Error at cmake_install.cmake:100 (file):
    file INSTALL cannot find "C:/Users/niels/Documents/Elektrotechniek/Jaar
    3/dspl/software/opdracht3/Executable/x86_64/Debug/bin/DSPESEL3.exe": File
    exists.
  
  
C:\Program Files\Microsoft Visual Studio\2022\Community\MSBuild\Microsoft\VC\v170\Microsoft.CppCommon.targets(161,5): error MSB3073: The command "setlocal
C:\Program Files\Microsoft Visual Studio\2022\Community\MSBuild\Microsoft\VC\v170\Microsoft.CppCommon.targets(161,5): error MSB3073: "C:\Program Files\CMake\bin\cmake.exe" -DBUILD_TYPE=Debug -P cmake_install.cmake
C:\Program Files\Microsoft Visual Studio\2022\Community\MSBuild\Microsoft\VC\v170\Microsoft.CppCommon.targets(161,5): error MSB3073: if %errorlevel% neq 0 goto :cmEnd
C:\Program Files\Microsoft Visual Studio\2022\Community\MSBuild\Microsoft\VC\v170\Microsoft.CppCommon.targets(161,5): error MSB3073: :cmEnd
C:\Program Files\Microsoft Visual Studio\2022\Community\MSBuild\Microsoft\VC\v170\Microsoft.CppCommon.targets(161,5): error MSB3073: endlocal & call :cmErrorLevel %errorlevel% & goto :cmDone
C:\Program Files\Microsoft Visual Studio\2022\Community\MSBuild\Microsoft\VC\v170\Microsoft.CppCommon.targets(161,5): error MSB3073: :cmErrorLevel
C:\Program Files\Microsoft Visual Studio\2022\Community\MSBuild\Microsoft\VC\v170\Microsoft.CppCommon.targets(161,5): error MSB3073: exit /b %1
C:\Program Files\Microsoft Visual Studio\2022\Community\MSBuild\Microsoft\VC\v170\Microsoft.CppCommon.targets(161,5): error MSB3073: :cmDone
C:\Program Files\Microsoft Visual Studio\2022\Community\MSBuild\Microsoft\VC\v170\Microsoft.CppCommon.targets(161,5): error MSB3073: if %errorlevel% neq 0 goto :VCEnd
C:\Program Files\Microsoft Visual Studio\2022\Community\MSBuild\Microsoft\VC\v170\Microsoft.CppCommon.targets(161,5): error MSB3073: :VCEnd" exited with code 1.
